2026-03-16 11:17:48,086 - hikvision_kelio - INFO - ============================================================
2026-03-16 11:17:48,086 - hikvision_kelio - INFO -   Employee Import — Collaborateur → Kelio
2026-03-16 11:17:48,087 - hikvision_kelio - INFO -   Base de données: Interface_GED_KELIO
2026-03-16 11:17:48,087 - hikvision_kelio - INFO -   Table: Collaborateur
2026-03-16 11:17:48,087 - hikvision_kelio - INFO -   Section par défaut: ZTT
2026-03-16 11:17:48,087 - hikvision_kelio - INFO -   Filtre Date_Embauche >=: 2026-02-13
2026-03-16 11:17:48,087 - hikvision_kelio - INFO -   Taille de lot: 100
2026-03-16 11:17:48,096 - hikvision_kelio - INFO - ============================================================
2026-03-16 11:17:48,096 - hikvision_kelio - INFO - Connexion à la base employé: Interface_GED_KELIO
2026-03-16 11:17:48,921 - hikvision_kelio - INFO - Client SOAP Employee connecté à https://demo-cbo.kelio.io/open/services/EmployeeService?wsdl
2026-03-16 11:17:49,576 - hikvision_kelio - INFO - Client SOAP EmployeeFieldAssignment connecté à https://demo-cbo.kelio.io/open/services/EmployeeFieldAssignmentService?wsdl
2026-03-16 11:17:49,576 - hikvision_kelio - INFO - --- Page 1 (offset=0) ---
2026-03-16 11:17:49,594 - hikvision_kelio - INFO - Page offset=0: 2 employé(s) récupéré(s)
2026-03-16 11:17:49,595 - hikvision_kelio - INFO - Page 1: 2 employé(s) à traiter
2026-03-16 11:17:50,558 - hikvision_kelio - WARNING - Employé REJETÉ: MatriculePointeuse=503353 — Le salarié doit être affecté à un service(s) durant toute la période d'affectation du contrat horaire. Veuillez modifier les dates d'affectation du service(s).
2026-03-16 11:17:50,559 - hikvision_kelio - INFO - Import employés: 1 succès, 1 rejeté(s)
2026-03-16 11:17:50,652 - hikvision_kelio - INFO - Lot de 2 champ(s) Bp importé(s) avec succès
2026-03-16 11:17:50,653 - hikvision_kelio - INFO - --- Page 2 (offset=100) ---
2026-03-16 11:17:50,657 - hikvision_kelio - INFO - Page offset=100: 0 employé(s) récupéré(s)
2026-03-16 11:17:50,657 - hikvision_kelio - INFO - Plus d'enregistrements à traiter.
2026-03-16 11:17:50,657 - hikvision_kelio - INFO - ============================================================
2026-03-16 11:17:50,658 - hikvision_kelio - INFO -   Résultat:
2026-03-16 11:17:50,658 - hikvision_kelio - INFO -     Employés importés       : 1
2026-03-16 11:17:50,659 - hikvision_kelio - INFO -     Employés rejetés        : 1
2026-03-16 11:17:50,659 - hikvision_kelio - INFO -     Champs Bp importés      : 2
2026-03-16 11:17:50,660 - hikvision_kelio - INFO -     Champs Bp rejetés       : 0
2026-03-16 11:17:50,660 - hikvision_kelio - INFO -     Total traité: 2
2026-03-16 11:17:50,660 - hikvision_kelio - WARNING -   Détails des erreurs Kelio:
2026-03-16 11:17:50,661 - hikvision_kelio - WARNING -     MatriculePointeuse=503353 : Le salarié doit être affecté à un service(s) durant toute la période d'affectation du contrat horaire. Veuillez modifier les dates d'affectation du service(s).
2026-03-16 11:17:50,661 - hikvision_kelio - INFO - ============================================================
2026-03-16 11:17:50,662 - hikvision_kelio - INFO - Email non envoyé — toutes les erreurs ont déjà été signalées. Sujet: Kelio — Erreurs Employés
2026-03-16 11:17:50,664 - hikvision_kelio - INFO - Terminé.
