2026-03-10 13:20:34,500 - hikvision_kelio - INFO - ============================================================
2026-03-10 13:20:34,500 - hikvision_kelio - INFO -   Employee Import — Collaborateur → Kelio
2026-03-10 13:20:34,501 - hikvision_kelio - INFO -   Base de données: Interface_GED_KELIO
2026-03-10 13:20:34,501 - hikvision_kelio - INFO -   Table: Collaborateur
2026-03-10 13:20:34,501 - hikvision_kelio - INFO -   Section par défaut: ZTT
2026-03-10 13:20:34,502 - hikvision_kelio - INFO -   Filtre Date_Embauche >=: 2026-02-13
2026-03-10 13:20:34,502 - hikvision_kelio - INFO -   Taille de lot: 100
2026-03-10 13:20:34,511 - hikvision_kelio - INFO - ============================================================
2026-03-10 13:20:34,511 - hikvision_kelio - INFO - Connexion à la base employé: Interface_GED_KELIO
2026-03-10 13:20:35,196 - hikvision_kelio - INFO - Client SOAP Employee connecté à https://demo-cbo.kelio.io/open/services/EmployeeService?wsdl
2026-03-10 13:20:35,835 - hikvision_kelio - INFO - Client SOAP EmployeeFieldAssignment connecté à https://demo-cbo.kelio.io/open/services/EmployeeFieldAssignmentService?wsdl
2026-03-10 13:20:35,836 - hikvision_kelio - INFO - --- Page 1 (offset=0) ---
2026-03-10 13:20:35,842 - hikvision_kelio - INFO - Page offset=0: 2 employé(s) récupéré(s)
2026-03-10 13:20:35,842 - hikvision_kelio - INFO - Page 1: 2 employé(s) à traiter
2026-03-10 13:20:36,248 - hikvision_kelio - WARNING - Employé REJETÉ: MatriculePointeuse=503354 — Salariés actifs en administration du personnel : le nombre maximal est atteint (200)
2026-03-10 13:20:36,249 - hikvision_kelio - INFO - Import employés: 1 succès, 1 rejeté(s)
2026-03-10 13:20:36,335 - hikvision_kelio - WARNING - Champ libre REJETÉ: MatriculePointeuse=503353 — Champ libre ou prédéfini invalide
2026-03-10 13:20:36,335 - hikvision_kelio - WARNING - Champ libre REJETÉ: MatriculePointeuse=503354 — Salarié introuvable
2026-03-10 13:20:36,335 - hikvision_kelio - INFO - Import champs Bp: 0 succès, 2 rejeté(s)
2026-03-10 13:20:36,336 - hikvision_kelio - INFO - --- Page 2 (offset=100) ---
2026-03-10 13:20:36,338 - hikvision_kelio - INFO - Page offset=100: 0 employé(s) récupéré(s)
2026-03-10 13:20:36,339 - hikvision_kelio - INFO - Plus d'enregistrements à traiter.
2026-03-10 13:20:36,339 - hikvision_kelio - INFO - ============================================================
2026-03-10 13:20:36,339 - hikvision_kelio - INFO -   Résultat:
2026-03-10 13:20:36,340 - hikvision_kelio - INFO -     Employés importés       : 1
2026-03-10 13:20:36,340 - hikvision_kelio - INFO -     Employés rejetés        : 1
2026-03-10 13:20:36,340 - hikvision_kelio - INFO -     Champs Bp importés      : 0
2026-03-10 13:20:36,341 - hikvision_kelio - INFO -     Champs Bp rejetés       : 2
2026-03-10 13:20:36,341 - hikvision_kelio - INFO -     Total traité: 2
2026-03-10 13:20:36,341 - hikvision_kelio - WARNING -   Détails des erreurs Kelio:
2026-03-10 13:20:36,342 - hikvision_kelio - WARNING -     MatriculePointeuse=503354 : Salariés actifs en administration du personnel : le nombre maximal est atteint (200)
2026-03-10 13:20:36,342 - hikvision_kelio - WARNING -     MatriculePointeuse=503353 : Champ libre ou prédéfini invalide
2026-03-10 13:20:36,342 - hikvision_kelio - WARNING -     MatriculePointeuse=503354 : Salarié introuvable
2026-03-10 13:20:36,343 - hikvision_kelio - INFO - ============================================================
2026-03-10 13:20:36,344 - hikvision_kelio - INFO - Terminé.
