2026-03-16 10:56:12,413 - hikvision_kelio - INFO - ============================================================
2026-03-16 10:56:12,414 - hikvision_kelio - INFO -   Employee Import — Collaborateur → Kelio
2026-03-16 10:56:12,414 - hikvision_kelio - INFO -   Base de données: Interface_GED_KELIO
2026-03-16 10:56:12,414 - hikvision_kelio - INFO -   Table: Collaborateur
2026-03-16 10:56:12,414 - hikvision_kelio - INFO -   Section par défaut: ZTT
2026-03-16 10:56:12,415 - hikvision_kelio - INFO -   Filtre Date_Embauche >=: 2026-02-13
2026-03-16 10:56:12,415 - hikvision_kelio - INFO -   Taille de lot: 100
2026-03-16 10:56:12,415 - hikvision_kelio - INFO - ============================================================
2026-03-16 10:56:12,415 - hikvision_kelio - INFO - Connexion à la base employé: Interface_GED_KELIO
2026-03-16 10:56:13,351 - hikvision_kelio - INFO - Client SOAP Employee connecté à https://demo-cbo.kelio.io/open/services/EmployeeService?wsdl
2026-03-16 10:56:13,993 - hikvision_kelio - INFO - Client SOAP EmployeeFieldAssignment connecté à https://demo-cbo.kelio.io/open/services/EmployeeFieldAssignmentService?wsdl
2026-03-16 10:56:13,993 - hikvision_kelio - INFO - --- Page 1 (offset=0) ---
2026-03-16 10:56:14,007 - hikvision_kelio - INFO - Page offset=0: 2 employé(s) récupéré(s)
2026-03-16 10:56:14,007 - hikvision_kelio - INFO - Page 1: 2 employé(s) à traiter
2026-03-16 10:56:15,257 - hikvision_kelio - WARNING - Employé REJETÉ: MatriculePointeuse=503353 — Le salarié doit être affecté à un service(s) durant toute la période d'affectation du contrat horaire. Veuillez modifier les dates d'affectation du service(s).
2026-03-16 10:56:15,257 - hikvision_kelio - INFO - Import employés: 1 succès, 1 rejeté(s)
2026-03-16 10:56:15,360 - hikvision_kelio - INFO - Lot de 2 champ(s) Bp importé(s) avec succès
2026-03-16 10:56:15,360 - hikvision_kelio - INFO - --- Page 2 (offset=100) ---
2026-03-16 10:56:15,362 - hikvision_kelio - INFO - Page offset=100: 0 employé(s) récupéré(s)
2026-03-16 10:56:15,363 - hikvision_kelio - INFO - Plus d'enregistrements à traiter.
2026-03-16 10:56:15,363 - hikvision_kelio - INFO - ============================================================
2026-03-16 10:56:15,363 - hikvision_kelio - INFO -   Résultat:
2026-03-16 10:56:15,364 - hikvision_kelio - INFO -     Employés importés       : 1
2026-03-16 10:56:15,364 - hikvision_kelio - INFO -     Employés rejetés        : 1
2026-03-16 10:56:15,364 - hikvision_kelio - INFO -     Champs Bp importés      : 2
2026-03-16 10:56:15,364 - hikvision_kelio - INFO -     Champs Bp rejetés       : 0
2026-03-16 10:56:15,365 - hikvision_kelio - INFO -     Total traité: 2
2026-03-16 10:56:15,365 - hikvision_kelio - WARNING -   Détails des erreurs Kelio:
2026-03-16 10:56:15,365 - hikvision_kelio - WARNING -     MatriculePointeuse=503353 : Le salarié doit être affecté à un service(s) durant toute la période d'affectation du contrat horaire. Veuillez modifier les dates d'affectation du service(s).
2026-03-16 10:56:15,365 - hikvision_kelio - INFO - ============================================================
2026-03-16 10:56:16,276 - hikvision_kelio - INFO - Email d'alerte envoyé à abdelatif.benichou@cbo.ma (1 erreur(s)).
2026-03-16 10:56:16,279 - hikvision_kelio - INFO - Terminé.
