2026-03-10 13:29:39,952 - hikvision_kelio - INFO - ============================================================
2026-03-10 13:29:39,953 - hikvision_kelio - INFO -   Employee Import — Collaborateur → Kelio
2026-03-10 13:29:39,953 - hikvision_kelio - INFO -   Base de données: Interface_GED_KELIO
2026-03-10 13:29:39,953 - hikvision_kelio - INFO -   Table: Collaborateur
2026-03-10 13:29:39,953 - hikvision_kelio - INFO -   Section par défaut: ZTT
2026-03-10 13:29:39,954 - hikvision_kelio - INFO -   Filtre Date_Embauche >=: 2026-02-13
2026-03-10 13:29:39,954 - hikvision_kelio - INFO -   Taille de lot: 100
2026-03-10 13:29:39,954 - hikvision_kelio - INFO - ============================================================
2026-03-10 13:29:39,954 - hikvision_kelio - INFO - Connexion à la base employé: Interface_GED_KELIO
2026-03-10 13:29:40,674 - hikvision_kelio - INFO - Client SOAP Employee connecté à https://demo-cbo.kelio.io/open/services/EmployeeService?wsdl
2026-03-10 13:29:41,289 - hikvision_kelio - INFO - Client SOAP EmployeeFieldAssignment connecté à https://demo-cbo.kelio.io/open/services/EmployeeFieldAssignmentService?wsdl
2026-03-10 13:29:41,290 - hikvision_kelio - INFO - --- Page 1 (offset=0) ---
2026-03-10 13:29:41,294 - hikvision_kelio - INFO - Page offset=0: 2 employé(s) récupéré(s)
2026-03-10 13:29:41,295 - hikvision_kelio - INFO - Page 1: 2 employé(s) à traiter
2026-03-10 13:29:41,704 - hikvision_kelio - WARNING - Employé REJETÉ: MatriculePointeuse=503354 — Salariés actifs en administration du personnel : le nombre maximal est atteint (200)
2026-03-10 13:29:41,704 - hikvision_kelio - INFO - Import employés: 1 succès, 1 rejeté(s)
2026-03-10 13:29:41,788 - hikvision_kelio - WARNING - Champ libre REJETÉ: MatriculePointeuse=503354 — Salarié introuvable
2026-03-10 13:29:41,788 - hikvision_kelio - INFO - Import champs Bp: 1 succès, 1 rejeté(s)
2026-03-10 13:29:41,788 - hikvision_kelio - INFO - --- Page 2 (offset=100) ---
2026-03-10 13:29:41,790 - hikvision_kelio - INFO - Page offset=100: 0 employé(s) récupéré(s)
2026-03-10 13:29:41,791 - hikvision_kelio - INFO - Plus d'enregistrements à traiter.
2026-03-10 13:29:41,791 - hikvision_kelio - INFO - ============================================================
2026-03-10 13:29:41,791 - hikvision_kelio - INFO -   Résultat:
2026-03-10 13:29:41,792 - hikvision_kelio - INFO -     Employés importés       : 1
2026-03-10 13:29:41,792 - hikvision_kelio - INFO -     Employés rejetés        : 1
2026-03-10 13:29:41,792 - hikvision_kelio - INFO -     Champs Bp importés      : 1
2026-03-10 13:29:41,792 - hikvision_kelio - INFO -     Champs Bp rejetés       : 1
2026-03-10 13:29:41,793 - hikvision_kelio - INFO -     Total traité: 2
2026-03-10 13:29:41,793 - hikvision_kelio - WARNING -   Détails des erreurs Kelio:
2026-03-10 13:29:41,793 - hikvision_kelio - WARNING -     MatriculePointeuse=503354 : Salariés actifs en administration du personnel : le nombre maximal est atteint (200)
2026-03-10 13:29:41,793 - hikvision_kelio - WARNING -     MatriculePointeuse=503354 : Salarié introuvable
2026-03-10 13:29:41,794 - hikvision_kelio - INFO - ============================================================
2026-03-10 13:29:41,795 - hikvision_kelio - INFO - Terminé.
