2026-03-10 12:03:03,096 - hikvision_kelio - INFO - ============================================================
2026-03-10 12:03:03,096 - hikvision_kelio - INFO -   Employee Import — Collaborateur → Kelio
2026-03-10 12:03:03,096 - hikvision_kelio - INFO -   Base de données: Interface_GED_KELIO
2026-03-10 12:03:03,096 - hikvision_kelio - INFO -   Table: Collaborateur
2026-03-10 12:03:03,097 - hikvision_kelio - INFO -   Section par défaut: ZTT
2026-03-10 12:03:03,097 - hikvision_kelio - INFO -   Filtre Date_Embauche >=: 2026-02-13
2026-03-10 12:03:03,097 - hikvision_kelio - INFO -   Taille de lot: 100
2026-03-10 12:03:03,099 - hikvision_kelio - INFO - ============================================================
2026-03-10 12:03:03,099 - hikvision_kelio - INFO - Connexion à la base employé: Interface_GED_KELIO
2026-03-10 12:03:03,827 - hikvision_kelio - INFO - Client SOAP Employee connecté à https://demo-cbo.kelio.io/open/services/EmployeeService?wsdl
2026-03-10 12:03:04,443 - hikvision_kelio - INFO - Client SOAP EmployeeField connecté à https://demo-cbo.kelio.io/open/services/EmployeeFieldService?wsdl
2026-03-10 12:03:04,444 - hikvision_kelio - INFO - --- Page 1 (offset=0) ---
2026-03-10 12:03:04,448 - hikvision_kelio - INFO - Page offset=0: 2 employé(s) récupéré(s)
2026-03-10 12:03:04,448 - hikvision_kelio - INFO - Page 1: 2 employé(s) à traiter
2026-03-10 12:03:04,812 - hikvision_kelio - WARNING - Employé REJETÉ: MatriculePointeuse=503353 — Salariés actifs en administration du personnel : le nombre maximal est atteint (200)
2026-03-10 12:03:04,812 - hikvision_kelio - WARNING - Employé REJETÉ: MatriculePointeuse=503354 — Salariés actifs en administration du personnel : le nombre maximal est atteint (200)
2026-03-10 12:03:04,813 - hikvision_kelio - INFO - Import employés: 0 succès, 2 rejeté(s)
2026-03-10 12:03:04,893 - hikvision_kelio - WARNING - Champ libre REJETÉ: Bp=503353 — Le libellé est invalide
2026-03-10 12:03:04,893 - hikvision_kelio - WARNING - Champ libre REJETÉ: Bp=503354 — Le libellé est invalide
2026-03-10 12:03:04,893 - hikvision_kelio - INFO - Import champs libres Bp: 0 succès, 2 rejeté(s)
2026-03-10 12:03:04,893 - hikvision_kelio - INFO - --- Page 2 (offset=100) ---
2026-03-10 12:03:04,896 - hikvision_kelio - INFO - Page offset=100: 0 employé(s) récupéré(s)
2026-03-10 12:03:04,896 - hikvision_kelio - INFO - Plus d'enregistrements à traiter.
2026-03-10 12:03:04,896 - hikvision_kelio - INFO - ============================================================
2026-03-10 12:03:04,897 - hikvision_kelio - INFO -   Résultat:
2026-03-10 12:03:04,897 - hikvision_kelio - INFO -     Employés importés       : 0
2026-03-10 12:03:04,897 - hikvision_kelio - INFO -     Employés rejetés        : 2
2026-03-10 12:03:04,897 - hikvision_kelio - INFO -     Champs Bp importés      : 0
2026-03-10 12:03:04,898 - hikvision_kelio - INFO -     Champs Bp rejetés       : 2
2026-03-10 12:03:04,898 - hikvision_kelio - INFO -     Total traité: 2
2026-03-10 12:03:04,898 - hikvision_kelio - WARNING -   Détails des erreurs Kelio:
2026-03-10 12:03:04,898 - hikvision_kelio - WARNING -     MatriculePointeuse=503353 : Salariés actifs en administration du personnel : le nombre maximal est atteint (200)
2026-03-10 12:03:04,899 - hikvision_kelio - WARNING -     MatriculePointeuse=503354 : Salariés actifs en administration du personnel : le nombre maximal est atteint (200)
2026-03-10 12:03:04,899 - hikvision_kelio - WARNING -     MatriculePointeuse=503353 : Le libellé est invalide
2026-03-10 12:03:04,899 - hikvision_kelio - WARNING -     MatriculePointeuse=503354 : Le libellé est invalide
2026-03-10 12:03:04,899 - hikvision_kelio - INFO - ============================================================
2026-03-10 12:03:04,900 - hikvision_kelio - INFO - Terminé.
