2026-03-16 11:01:38,864 - hikvision_kelio - INFO - ============================================================
2026-03-16 11:01:38,864 - hikvision_kelio - INFO -   Employee Import — Collaborateur → Kelio
2026-03-16 11:01:38,864 - hikvision_kelio - INFO -   Base de données: Interface_GED_KELIO
2026-03-16 11:01:38,865 - hikvision_kelio - INFO -   Table: Collaborateur
2026-03-16 11:01:38,865 - hikvision_kelio - INFO -   Section par défaut: ZTT
2026-03-16 11:01:38,865 - hikvision_kelio - INFO -   Filtre Date_Embauche >=: 2026-02-13
2026-03-16 11:01:38,865 - hikvision_kelio - INFO -   Taille de lot: 100
2026-03-16 11:01:38,866 - hikvision_kelio - INFO - ============================================================
2026-03-16 11:01:38,866 - hikvision_kelio - INFO - Connexion à la base employé: Interface_GED_KELIO
2026-03-16 11:01:39,577 - hikvision_kelio - INFO - Client SOAP Employee connecté à https://demo-cbo.kelio.io/open/services/EmployeeService?wsdl
2026-03-16 11:01:40,185 - hikvision_kelio - INFO - Client SOAP EmployeeFieldAssignment connecté à https://demo-cbo.kelio.io/open/services/EmployeeFieldAssignmentService?wsdl
2026-03-16 11:01:40,186 - hikvision_kelio - INFO - --- Page 1 (offset=0) ---
2026-03-16 11:01:40,187 - hikvision_kelio - INFO - Page offset=0: 2 employé(s) récupéré(s)
2026-03-16 11:01:40,188 - hikvision_kelio - INFO - Page 1: 2 employé(s) à traiter
2026-03-16 11:01:40,890 - hikvision_kelio - WARNING - Employé REJETÉ: MatriculePointeuse=503353 — Le salarié doit être affecté à un service(s) durant toute la période d'affectation du contrat horaire. Veuillez modifier les dates d'affectation du service(s).
2026-03-16 11:01:40,891 - hikvision_kelio - INFO - Import employés: 1 succès, 1 rejeté(s)
2026-03-16 11:01:41,043 - hikvision_kelio - INFO - Lot de 2 champ(s) Bp importé(s) avec succès
2026-03-16 11:01:41,044 - hikvision_kelio - INFO - --- Page 2 (offset=100) ---
2026-03-16 11:01:41,045 - hikvision_kelio - INFO - Page offset=100: 0 employé(s) récupéré(s)
2026-03-16 11:01:41,045 - hikvision_kelio - INFO - Plus d'enregistrements à traiter.
2026-03-16 11:01:41,045 - hikvision_kelio - INFO - ============================================================
2026-03-16 11:01:41,045 - hikvision_kelio - INFO -   Résultat:
2026-03-16 11:01:41,046 - hikvision_kelio - INFO -     Employés importés       : 1
2026-03-16 11:01:41,046 - hikvision_kelio - INFO -     Employés rejetés        : 1
2026-03-16 11:01:41,046 - hikvision_kelio - INFO -     Champs Bp importés      : 2
2026-03-16 11:01:41,046 - hikvision_kelio - INFO -     Champs Bp rejetés       : 0
2026-03-16 11:01:41,047 - hikvision_kelio - INFO -     Total traité: 2
2026-03-16 11:01:41,047 - hikvision_kelio - WARNING -   Détails des erreurs Kelio:
2026-03-16 11:01:41,047 - hikvision_kelio - WARNING -     MatriculePointeuse=503353 : Le salarié doit être affecté à un service(s) durant toute la période d'affectation du contrat horaire. Veuillez modifier les dates d'affectation du service(s).
2026-03-16 11:01:41,047 - hikvision_kelio - INFO - ============================================================
2026-03-16 11:01:41,066 - hikvision_kelio - INFO - Email non envoyé — toutes les erreurs ont déjà été signalées. Sujet: Kelio — Erreurs Employés
2026-03-16 11:01:41,067 - hikvision_kelio - INFO - Terminé.
